  GameSystem.cpp
  main.cpp
C:\Users\user\Desktop\A00292349Project\main.cpp(5,10): warning C4067: unexpected tokens following preprocessor directive - expected a newline
C:\Users\user\Desktop\A00292349Project\main.cpp(13,21): error C3867: 'GameSystem::playGame': non-standard syntax; use '&' to create a pointer to member
  Player.cpp
C:\Users\user\Desktop\A00292349Project\Player.cpp(7,9): error C2511: 'Player::Player(int)': overloaded member function not found in 'Player'
C:\Users\user\Desktop\A00292349Project\player.h(7): message : see declaration of 'Player'
C:\Users\user\Desktop\A00292349Project\Player.cpp(8,2): error C2597: illegal reference to non-static member 'Player::playerPositionX'
C:\Users\user\Desktop\A00292349Project\player.h(15): message : see declaration of 'Player::playerPositionX'
C:\Users\user\Desktop\A00292349Project\Player.cpp(9,2): error C2597: illegal reference to non-static member 'Player::playerPositionY'
C:\Users\user\Desktop\A00292349Project\player.h(16): message : see declaration of 'Player::playerPositionY'
C:\Users\user\Desktop\A00292349Project\Player.cpp(10,2): error C2597: illegal reference to non-static member 'Player::newPlayerPositionX'
C:\Users\user\Desktop\A00292349Project\player.h(17): message : see declaration of 'Player::newPlayerPositionX'
C:\Users\user\Desktop\A00292349Project\Player.cpp(11,2): error C2597: illegal reference to non-static member 'Player::newPlayerPositionY'
C:\Users\user\Desktop\A00292349Project\player.h(18): message : see declaration of 'Player::newPlayerPositionY'
C:\Users\user\Desktop\A00292349Project\Player.cpp(14,2): error C2597: illegal reference to non-static member 'Player::health'
C:\Users\user\Desktop\A00292349Project\player.h(21): message : see declaration of 'Player::health'
C:\Users\user\Desktop\A00292349Project\Player.cpp(15,2): error C2597: illegal reference to non-static member 'Player::playerRightString'
C:\Users\user\Desktop\A00292349Project\player.h(9): message : see declaration of 'Player::playerRightString'
C:\Users\user\Desktop\A00292349Project\Player.cpp(16,2): error C2597: illegal reference to non-static member 'Player::playerLeftString'
C:\Users\user\Desktop\A00292349Project\player.h(10): message : see declaration of 'Player::playerLeftString'
C:\Users\user\Desktop\A00292349Project\Player.cpp(17,2): error C2597: illegal reference to non-static member 'Player::playerUpString'
C:\Users\user\Desktop\A00292349Project\player.h(11): message : see declaration of 'Player::playerUpString'
C:\Users\user\Desktop\A00292349Project\Player.cpp(18,2): error C2597: illegal reference to non-static member 'Player::playerDownString'
C:\Users\user\Desktop\A00292349Project\player.h(12): message : see declaration of 'Player::playerDownString'
C:\Users\user\Desktop\A00292349Project\Player.cpp(19,2): error C2597: illegal reference to non-static member 'Player::playerString'
C:\Users\user\Desktop\A00292349Project\player.h(13): message : see declaration of 'Player::playerString'
  Generating Code...
